The ten most expensive items (per unit price) in the database are:
('Côte de Blaye', 263.5)
('Thüringer Rostbratwurst', 123.79)
('Mishi Kobe Niku', 97)
("Sir Rodney's Marmalade", 81)
('Carnarvon Tigers', 62.5)
('Raclette Courdavault', 55)
('Manjimup Dried Apples', 53)
('Tarte au sucre', 49.3)
('Ipoh Coffee', 46)
('Rössle Sauerkraut', 45.6)

The average age of an employee at the time of their hiring is: 37.22222222222222

The ten most expensive items (per unit price) and their suppliers in the database are:
('Côte de Blaye', 'Aux joyeux ecclésiastiques')
('Thüringer Rostbratwurst', 'Plutzer Lebensmittelgroßmärkte AG')
('Mishi Kobe Niku', 'Tokyo Traders')
("Sir Rodney's Marmalade", 'Specialty Biscuits, Ltd.')
('Carnarvon Tigers', 'Pavlova, Ltd.')
('Raclette Courdavault', 'Gai pâturage')
('Manjimup Dried Apples', "G'day, Mate")
('Tarte au sucre', "Forêts d'érables")
('Ipoh Coffee', 'Leka Trading')
('Rössle Sauerkraut', 'Plutzer Lebensmittelgroßmärkte AG')

The largest category (by number of products in it) is: Confections

==>> What I want to know is: how does Rössle Sauerkraut sell for 45?
